si: simSetDef().... simHost is initialized to "localhost" .
si: simSetDef().... simLoginName is initialized to "vbarbaza" .
si: simSetDef().... simHostDiffers is initialized to "nil".
si: simSetDef().... simInteractiveSimulatorList is initialized to ("verilog") .
si: simSetDef().... simPostAnalysisProcessingFunc is initialized to "nil".
si: simSetDef().... simNotifyKillActionFunc is initialized to "nil".
si: simSetDef().... simDoNotDisplayDialogBox is initialized to "nil".
si: simSetDef().... simNetlistFileName is initialized to "netlist" .
si: simSetDef().... simUserDefineDefaultRunDirFunc is initialized to "nil".
si: simSetDef().... simNlpGlobalLibName is initialized to "basic" .
si: simSetDef().... simNlpGlobalCellName is initialized to "nlpglobals" .
si: simSetDef().... simCommand is already set to prog((status remoteDirName
message) simDeleteRunDirFile("raw/waves") simDeleteRunDirFile("raw/waves.tmp")
if((hnlHspiceLicenceCheckedOut || (getd('aalmCheckOut) && aalmCheckOut("276"))
|| _icLicCheckOut("276" getLicVersion())) then (hnlHspiceLicenceCheckedOut = t)
if((simHost != "localhost") then (remoteDirName =
makeTempFileName("/tmp/siXXXXXX")) simCreateRemoteCommands(simSimulator
hspiceCommand "NOTUSED" remoteDirName simRunDir) sprintf(message "si: Running
simulation on host \"%s\".\n" simHost) simPrintError(message) (status =
simRunEqivRemoteSim(simHost)) sprintf(fullPathName "%s/remote.out" runDirName)
if(!fileLength(fullPathName) then simDeleteRunDirFile("remote.tmp")
simDeleteRunDirFile("remote.out") else (status = (simExecute sprintf(s "exec cat
%s" fullPathName))) simDeleteRunDirFile("remote.tmp")
simDeleteRunDirFile("remote.out") sprintf(fullPathName "%s/remote.err"
runDirName) if(probef(fullPathName) then simDeleteRunDirFile("remote.err")
(status = nil))) else (status = (simExecute hspiceCommand)))
(simHspiceRawToWaves "si") if(getd('aalmCheckIn) aalmCheckIn("276")
_icLicCheckIn("276")) (hnlHspiceLicenceCheckedOut = nil) else printf("Error
checking-out licence for product: 276\n") if(getd('aalmiMessage) printf("%s\n"
aalmiMessage("276" lmMessage())) printf("%s\n" lmMessage())) (status = nil)
(hnlHspiceLicenceCheckedOut = nil)) if(!status then sprintf(message "si: hspice
did not complete without errors.%s%s\n" "\tCheck si.out file in the simulation
run directory\n" "\tfor hspice error messages.\n") simPrintError(message)
return()) return(t)). Redefinition to "" is ignored.
si: simSetDef().... simSedFile is already set to
"/opt/cadence/ic618/tools.lnx86/dfII/etc/si/hiersed.hsp". Redefinition to "" is
ignored.
si: simSetDef().... simDefaultSimulator is initialized to "nil".
si: simSetDef().... simDefaultRunDir is already set to "spice.run1".
Redefinition to nil is ignored.
si: simSetDef().... simSymbolModifiedAction is initialized to "ignore" .
si: simSetDef().... simOtherInfo is initialized to "nil".
si: simSetDef().... simIsFlattenP is initialized to "nil".
si: simSetDef().... simStlInputFile is initialized to "input.stl" .
si: simSetDef().... simDiffInputFile is initialized to "simdiff.stl" .
si: simSetDef().... simNoSimdiff is initialized to "nil".
si: simSetDef().... simDefaultControl is initialized to "nil".
si: simSetDef().... simControlFile is initialized to "nil".
si: simSetDef().... simTimeUnit is initialized to 1e-09 .
si: simSetDef().... simCapUnit is initialized to 1e-15 .
si: simSetDef().... simDoNetlist is initialized to t .
si: simSetDef().... simNetlistHier is already set to t. Redefinition to nil is
ignored.
si: simSetDef().... simGlobalPrefix is initialized to "nil".
si: simSetDef().... simHierarchyPrefix is initialized to "nil".
si: simSetDef().... simNoLeadingHierarchyDelim is initialized to "nil".
si: simSetDef().... simPrefixHierarchyWithCV is initialized to "nil".
si: simSetDef().... simNetNamePrefix is initialized to "nil".
si: simSetDef().... simInstNamePrefix is initialized to "nil".
si: simSetDef().... simModelNamePrefix is initialized to "nil".
si: simSetDef().... simTermNamePrefix is initialized to "nil".
si: simSetDef().... simCheckTermMismatchAction is initialized to "error" .
si: simSetDef().... simLoadNetlister is initialized to t .
si: simSetDef().... simCleanFileList is initialized to "nil".
si: simSetDef().... simSimulatorSaveVars is initialized to "nil".
si: simSetDef().... simApplicationOptionsForm is initialized to "nil".
si: simSetDef().... simSimulatorSaveFiles is initialized to "nil".
si: simSetDef().... simDontCopyFileNetlistToRemoteRunDir is initialized to
"nil".
si: simSetDef().... simRsh is initialized to "nil".
si: simSetDef().... simNotIncremental is initialized to "nil".
si: simSetDef().... simReNetlistAll is initialized to "nil".
si: simSetDef().... simUnbindVars is initialized to (interactiveTAP
SilosTimeScale simActions simApplicationOptionsForm simCapFileDir simCapUnit
simCellName simCheckTermMismatchAction simCleanFileList simControlFile
simDefaultControl simDefaultSimulator simDiffInputFile simDoNetlist
simDoNotDisplayDialogBox simDoPostLayout simExceptionTerms simFlattenSchType
simHierarchyPrefix simNoLeadingHierarchyDelim simPrefixHierarchyWithCV
simGlobalPrefix simHost simHostDiffers simInitRunActions simInstNamePrefix
simInstStopListTable simInstViewListTable simInteractiveSimulatorList
simIsFlattenP simLibName simLoadNetlister simLoginName simModelNamePrefix
simNetNamePrefix simNetlistFileName simNetlistHier simNlpGlobalLibName
simNlpGlobalCellName simNlpGlobalViewName simNoSimdiff simNotIncremental
simNowRunningRemoteSimulation simOtherInfo SIMPASSWORD
simPostAnalysisProcessingFunc simPrintSilosCap simReNetlistAll simRetainFterms
simStlInputFile simSimulatorSaveFiles simSimulatorSaveVars
simSymbolModifiedAction simTermNamePrefix simTimeUnit simViewList simViewName)
.
si: simSetDef().... simUnbindFuncs is initialized to STLsimin(cat netlist runsim
sim simCatErrorFile simCheckExist simCheckHeader simCheckVariables
simCreateRemoteCommands simDateStamp simDeleteRunDirFile simDoHiloTranslation
simDoSilosTranslation simDoTaTranslation simErrHandler simExecuteWithStatus
simExecute simGetSiFileLocation simGetTermList simIfNoProcedure simin
simInitControl simInitEqivRemoteSim simInitRaw simInitRunDir simInitSimulator
simInitSpiceIncludes simIoHandler simLoadNetlisterFiles simLoadSimulatorFiles
simNoNetlist simout simout1 simPostFunc simPrintEnvironment simPrintTermList
simPrintTermListWithOption simRunDirInfile simRunDirLoad simRunDirOutfile
simRunSimdiff simRunEqivRemoteSim simRunStl simSetDef simSetDefWithNoWarn
simGetSiFileLocation) .
si: simSetDef().... simDoNotForkNetlist is initialized to "nil".
si: simSetDef().... interactiveTAP is initialized to "nil".
si: simSetDef().... simPrintSilosCap is initialized to "nil".
si: simSetDef().... simDoPostLayout is initialized to "nil".
si: simSetDef().... preserveRES is already set to t. Redefinition to nil is
ignored.
si: simSetDef().... preserveCAP is already set to t. Redefinition to nil is
ignored.
si: simSetDef().... preserveDIO is already set to t. Redefinition to nil is
ignored.
si: simSetDef().... preserveALL is already set to t. Redefinition to nil is
ignored.
si: simSetDef().... checkRESVAL is already set to t. Redefinition to nil is
ignored.
si: simSetDef().... checkRESSIZE is initialized to "nil".
si: simSetDef().... checkCAPVAL is already set to t. Redefinition to nil is
ignored.
si: simSetDef().... checkCAPAREA is initialized to "nil".
si: simSetDef().... checkDIOPERI is already set to t. Redefinition to nil is
ignored.
si: simSetDef().... checkDIOAREA is already set to t. Redefinition to nil is
ignored.
si: simSetDef().... displayPININFO is already set to t. Redefinition to nil is
ignored.
si: simSetDef().... resistorModel is already set to "". Redefinition to nil is
ignored.
si: simSetDef().... simPinGlobals is initialized to "nil".
si: simSetDef().... auCdlPrintEmptySUBCKT is initialized to "nil".
si: simSetDef().... auCdlSkipMEGA is initialized to "nil".
si: simSetDef().... auCdlDisableBlkBox is initialized to "nil".
si: simSetDef().... auCdlSetTopLevelEvalMode is initialized to "nil".
si: simSetDef().... auCdlModuleNameMapFunc is initialized to "nil".
si: simSetDef().... simNetNamePrefix is initialized to "nil".
si: simSetDef().... hnlMaxLineLength is initialized to "nil".
si: simSetDef().... hnlDriverUnbindFuncs is initialized to
(hnlCellInAllStopCells hnlCloseCellFiles hnlCloseMasterList hnlDoNetBased
hnlFindAllCells hnlGenIncludeFile hnlIfNoProcedure hnlIgnoreTerm
hnlIsAStoppingCell hnlIsCellNetlistable hnlLibName hnlGetPropVal hnlGetRoundProp
hnlGetScaleCapacitance hnlGetScaleMarginalDelay hnlGetScaleTimeUnit
hnlGetSymbolPropVal hnlNetNameOnTerm hnlPrintDevices hnlPrintMacroCell
hnlPrintMessage hnlPrintNetlist hnlPrintNotNumber hnlPrintSignal hnlPrintTopCell
hnlProcInst hnlRoundProp hnlRunNetlister hnlScaleCapacitance
hnlScaleMarginalDelay hnlScaleTimeUnit hnlSetCellFiles hnlSetDef hnlSetDefNoWarn
hnlSetUpCellList hnlSetVars hnlSortTermsToNets hnlStartNetlist hnlStopNetlist
hnlStringToList hnlSubTreeInsts hnlWriteRlist _hnlEMHSetupDigitalNetlistFile
_hnlEMHProcTopInst _hnlEMHPrintModuleHeader hnlEMHPrintInst
_hnlEMHPrintModuleFooter _hnlEMHPrintNetlistFooter hnlEMHProcStandardCell) .
si: simSetDef().... hnlDriverUnbindVars is initialized to (hnlAllGlobals
hnlAllSignalInCell hnlAllTermNames hnlAllTerms hnlBusCapability hnlCapability
hnlCellInputs hnlCellInTerms hnlCellNetsOnTerms hnlCellOtherTerms hnlCellOthers
hnlCellOutputs hnlModCellInputs hnlModCellOutputs hnlModCellOthers
hnlCellOutTerms hnlCellSeenList hnlCommentStr hnlCurrentCell
hnlCurrentCellViewList hnlCurrentCellPath hnlCurrentCellConfigLibname
hnlCurrentCellConfigCellname hnlCurrentCellConfigViewname hnlIsTopConfigCell
hnlCurrentInputs hnlCurrentInst hnlCurrentInstName hnlCurrentInstPort
hnlCurrentInstPortIndex hnlCurrentInstPortName hnlCurrentInTerms
hnlCurrentInTermsSize hnlCurrentIteration hnlCurrentMaster
hnlCurrentMasterViewList hnlCurrentOthers hnlCurrentOtherTerms
hnlCurrentOtherTermsSize hnlCurrentOutputs hnlCurrentOutTerms
hnlCurrentOutTermsSize hnlCurrentSignal hnlCurrentSignalName
hnlCurrentSignalTerms hnlCurrentTermsOnInst hnlCurrentType hnlDefaultSwitchViews
hnlDefaultStopViews hnlDefaultTarget hnlDriverWillPrint hnlDrvIlLoaded hnlError
hnlFormatFuncsLoaded hnlFullNetlistName hnlGlobalNetPrefix hnlGlobalParamPrefix
hnlHierarchyDelimeter hnlHierarchyDelimiter hnlIncludeFile hnlIncludeFileName
hnlIncremental hnlIncrementalDirectory hnlIncrementalMode hnlIncrementalOnly
simSupportNewConfig hnlInstBased hnlInstMasterPort hnlInstNameDifferentFrom
hnlInvalidInstNames hnlInvalidModelNames hnlInvalidNames hnlInvalidNetNames
hnlInvalidTermNames hnlInvalidParamNames hnlInvalidFunctionNames hnlLastTarget
hnlLinePostfix hnlLinePrefix hnlListOfAllCells hnlListOfAllStopCells
hnlListOfInstOnSignal hnlMacroCellFuncs hnlMapBusFirstChar hnlMapBusInName
hnlMapDirName hnlMapFileName hnlMapIfFirstChar hnlMapIfInName
hnlMapInstFirstChar hnlMapInstInName hnlMapModelFirstChar hnlMapModelInName
hnlMapNetFirstChar hnlMapNetInName hnlMapTermFirstChar hnlMapTermInName
hnlMaxInstNameLength hnlMaxLineLength hnlMaxModelNameLength hnlMaxNameLength
hnlMaxNetNameLength hnlMaxTermNameLength hnlModelNameDifferentFrom
hnlModulePrefix hnlNamePrefix simNetNamePrefix simInstNamePrefix
simModelNamePrefix simTermNamePrefix simParamNamePrefix simHierarchyPrefix
simGlobalPrefix hnlNetlistConfig hnlNetlistDirectory hnlNetlistFile
hnlNetlistFileList hnlNetlistFileName hnlNetNameDifferentFrom
hnlOverrideViewList hnlPreviousError hnlReNetlistAll hnlRlistString
hnlslistString hnlSoftLineLength hnlStopList hnlTarget hnlTermNameDifferentFrom
hnlParamNameDifferentFrom hnlTopCell hnlTopCellFuncs hnlViewList
hnlInvalidLineBreakChars hnlHonorLxRemoveDevice hnlCurrentSourceFilePath
hnlCurrentSourceFileModel hnlStoppingPropName hnlVerilogViewName
hnlCurrentInstHdbProps hnlCurrentInstOverCellHdbProps hnlLastInvalidInstNames
hnlLastInvalidModelNames hnlLastInvalidNames hnlLastInvalidNetNames
hnlLastInvalidTermNames hnlLastInvalidParamNames hnlLastInvalidFunctionNames
hnlLastMapBusFirstChar hnlLastMapBusInName hnlLastMapIfFirstChar
hnlLastMapIfInName hnlLastMapInstFirstChar hnlLastMapInstInName
hnlLastMapModelFirstChar hnlLastMapModelInName hnlLastMapNetFirstChar
hnlLastMapNetInName hnlLastMapTermFirstChar hnlLastMapTermInName
hnlLastTermNameDifferentFrom hnlLastParamNameDifferentFrom
hnlLastMapParamFirstChar hnlLastMapParamInName hnlEMH
_hnlPostNetlistTriggerProcList _hnlPreNetlistTriggerProcList smashNetlistON
generateFullyFlatNetlist simPrintInstAsBlackBox
hnlProcessAliasSignalWithSourceDirection) .
si: simSetDef().... simTermNamePrefix is initialized to "nil".
si: simSetDef().... simParamNamePrefix is initialized to "nil".
si: simSetDef().... hnlCellOutputs is initialized to "nil".
si: simSetDef().... hnlModCellOutputs is initialized to "nil".
si: simSetDef().... hnlCellInputs is initialized to "nil".
si: simSetDef().... hnlModCellInputs is initialized to "nil".
si: simSetDef().... hnlCellOthers is initialized to "nil".
si: simSetDef().... hnlModCellOthers is initialized to "nil".
si: simSetDef().... hnlCellOutTerms is initialized to "nil".
si: simSetDef().... hnlCellInTerms is initialized to "nil".
si: simSetDef().... hnlCellOtherTerms is initialized to "nil".
si: simSetDef().... hnlCellNetsOnTerms is initialized to "nil".
si: simSetDef().... hnlCurrentOutputs is initialized to "nil".
si: simSetDef().... hnlCurrentInputs is initialized to "nil".
si: simSetDef().... hnlCurrentOthers is initialized to "nil".
si: simSetDef().... hnlCurrentType is initialized to "nil".
si: simSetDef().... hnlCurrentInst is initialized to "nil".
si: simSetDef().... hnlCurrentInstName is initialized to "nil".
si: simSetDef().... hnlCurrentMaster is initialized to "nil".
si: simSetDef().... hnlCurrentIteration is initialized to "nil".
si: simSetDef().... hnlCurrentCell is initialized to "nil".
si: simSetDef().... hnlCurrentCellViewList is initialized to "nil".
si: simSetDef().... hnlCurrentCellPath is initialized to "nil".
si: simSetDef().... hnlCurrentCellConfigLibname is initialized to "nil".
si: simSetDef().... hnlCurrentCellConfigCellname is initialized to "nil".
si: simSetDef().... hnlCurrentCellConfigViewname is initialized to "nil".
si: simSetDef().... hnlIsTopConfigCell is initialized to "nil".
si: simSetDef().... hnlCurrentMasterViewList is initialized to "nil".
si: simSetDef().... hnlCurrentMasterPathString is initialized to "nil".
si: simSetDef().... hnlCurrentMasterConfigLibName is initialized to "nil".
si: simSetDef().... hnlCurrentMasterConfigCellName is initialized to "nil".
si: simSetDef().... hnlCurrentMasterConfigViewName is initialized to "nil".
si: simSetDef().... hnlCurrentMasterIsTopCellConfig is initialized to "nil".
si: simSetDef().... hnlOverrideViewList is initialized to "" .
si: simSetDef().... hnlCurrentTermsOnInst is initialized to "nil".
si: simSetDef().... hnlCurrentOutTerms is initialized to "nil".
si: simSetDef().... hnlCurrentInTerms is initialized to "nil".
si: simSetDef().... hnlCurrentOtherTerms is initialized to "nil".
si: simSetDef().... hnlCurrentOutTermsSize is initialized to "nil".
si: simSetDef().... hnlCurrentInTermsSize is initialized to "nil".
si: simSetDef().... hnlCurrentOtherTermsSize is initialized to "nil".
si: simSetDef().... hnlTopCell is initialized to "nil".
si: simSetDef().... hnlAllGlobals is initialized to "nil".
si: simSetDef().... hnlInvalidNames is initialized to "nil".
si: simSetDef().... hnlInvalidNetNames is initialized to "nil".
si: simSetDef().... hnlInvalidInstNames is initialized to "nil".
si: simSetDef().... hnlInvalidModelNames is initialized to "nil".
si: simSetDef().... hnlInvalidTermNames is initialized to "nil".
si: simSetDef().... hnlInvalidParamNames is initialized to "nil".
si: simSetDef().... hnlInvalidFunctionNames is initialized to "nil".
si: simSetDef().... hnlInvalidLineBreakChars is initialized to "nil".
si: simSetDef().... hnlMapIfFirstChar is initialized to "nil".
si: simSetDef().... hnlMapIfInName is initialized to "nil".
si: simSetDef().... hnlMapNetFirstChar is initialized to "nil".
si: simSetDef().... hnlMapNetInName is initialized to "nil".
si: simSetDef().... hnlMapInstFirstChar is initialized to "nil".
si: simSetDef().... hnlMapInstInName is initialized to "nil".
si: simSetDef().... hnlMapModelFirstChar is initialized to "nil".
si: simSetDef().... hnlMapModelInName is initialized to "nil".
si: simSetDef().... hnlMapTermInName is initialized to "nil".
si: simSetDef().... hnlMapTermFirstChar is initialized to "nil".
si: simSetDef().... hnlMapParamInName is initialized to "nil".
si: simSetDef().... hnlMapParamFirstChar is initialized to "nil".
si: simSetDef().... hnlMapBusInName is initialized to "nil".
si: simSetDef().... hnlMapBusFirstChar is initialized to "nil".
si: simSetDef().... hnlViewList is initialized to "nil".
si: simSetDef().... hnlStopList is initialized to "nil".
si: simSetDef().... hnlError is initialized to "nil".
si: simSetDef().... hnlPreviousError is initialized to "nil".
si: simSetDef().... hnlListOfAllStopCells is initialized to "nil".
si: simSetDef().... hnlListOfAllCells is initialized to "nil".
si: simSetDef().... hnlNetlistFile is initialized to "nil".
si: simSetDef().... hnlNetlistFileName is initialized to "netlist" .
si: simSetDef().... hnlMapDirName is initialized to "map" .
si: simSetDef().... hnlMapFileName is initialized to "current" .
si: simSetDef().... hnlNamePrefix is initialized to "hnl_" .
si: simSetDef().... hnlDriverWillPrint is initialized to "nil".
si: simSetDef().... hnlLinePrefix is initialized to "nil".
si: simSetDef().... hnlLinePostfix is initialized to "nil".
si: simSetDef().... hnlCommentStr is initialized to "nil".
si: simSetDef().... hnlSoftLineLength is initialized to "nil".
si: simSetDef().... hnlFormatFuncsLoaded is initialized to "nil".
si: simSetDef().... hnlDrvIlLoaded is initialized to "nil".
si: simSetDef().... hnlInstBased is initialized to t .
si: simSetDef().... hnlLastTarget is initialized to "nil".
si: simSetDef().... hnlFullNetlistName is initialized to "netlist" .
si: simSetDef().... hnlNetlistDirectory is initialized to "nil".
si: simSetDef().... hnlFullMasterName is already set to
"inverter/schematic/current". Redefinition to nil is ignored.
si: simSetDef().... hnlIncremental is initialized to "nil".
si: simSetDef().... hnlIncrementalOnly is initialized to "nil".
si: simSetDef().... simSupportNewConfig is initialized to "nil".
si: simSetDef().... hnlIncrementalMode is initialized to "nil".
si: simSetDef().... hnlReNetlistAll is initialized to "nil".
si: simSetDef().... hnlModulePrefix is initialized to "nil".
si: simSetDef().... hnlGlobalNetPrefix is initialized to "nil".
si: simSetDef().... hnlGlobalParamPrefix is initialized to "nil".
si: simSetDef().... hnlIncludeFileName is initialized to "netlist" .
si: simSetDef().... hnlIncludeFile is initialized to "nil".
si: simSetDef().... hnlNetlistFileList is initialized to "nil".
si: simSetDef().... hnlIncrementalDirectory is initialized to "ihnl" .
si: simSetDef().... hnlCurrentInstPortName is initialized to "nil".
si: simSetDef().... hnlCurrentInstPortIndex is initialized to 0 .
si: simSetDef().... hnlCurrentInstPort is initialized to "nil".
si: simSetDef().... hnlInstMasterPort is initialized to "nil".
si: simSetDef().... hnlAllTerms is initialized to "nil".
si: simSetDef().... hnlAllTermNames is initialized to "nil".
si: simSetDef().... hnlAllSignalInCell is initialized to "nil".
si: simSetDef().... hnlCurrentSignal is initialized to "nil".
si: simSetDef().... hnlCurrentSignalName is initialized to "nil".
si: simSetDef().... hnlSignalTerms is initialized to "nil".
si: simSetDef().... hnlListOffInstOnSignal is initialized to "nil".
si: simSetDef().... hnlNetBased is initialized to "nil".
si: simSetDef().... hnlRlistString is initialized to "nil".
si: simSetDef().... hnlNetlistConfig is initialized to "nil".
si: simSetDef().... hnlTopCellFuncs is initialized to ("hnlSetCellFiles()"
"hnlPrintTopCellHeader()" "hnlPrintDevices()" "hnlPrintTopCellFooter()"
"hnlCloseCellFiles()") .
si: simSetDef().... hnlMacroCellFuncs is initialized to ("hnlSetCellFiles()"
"hnlPrintDeviceHeader()" "hnlPrintPorts()" "hnlPrintDevices()"
"hnlPrintDeviceFooter()" "hnlCloseCellFiles()") .
si: simSetDef().... hnlMaxLineLength is initialized to "nil".
si: simSetDef().... auCdlPrintXNamePrefix is initialized to "nil".
si: simSetDef().... simPrintInhConnAttributes is initialized to "nil".
si: simSetDef().... auCdlDisplayPinMap is initialized to "nil".
si: simSetDef().... cdlNetlistType is initialized to hnl .
si: simSetDef().... cdlPrintComments is initialized to "nil".
si: simSetDef().... auCdlCDFPinCntrl is initialized to "nil".
si: simSetDef().... auCdlPrintGlobalStmtInFooter is initialized to "nil".
si: simSetDef().... auCdlPrintModelEquals is initialized to "nil".
si: simSetDef().... auCdlModelPrintingStyle is initialized to "nil".
si: simSetDef().... __auCdlCdnsFmt is initialized to "fmtenbld" .
si: simSetDef().... auCdlTermOrderStr is initialized to "nil".
si: simSetDef().... auCdlScale is initialized to "METER" .
si: simSetDef().... auCdlCheckLDD is initialized to "nil".
si: simSetDef().... checkLDD is initialized to "nil".
si: simSetDef().... pinMAP is initialized to "nil".
si: simSetDef().... auCdlReplaceAngleBracketsWithSquare is initialized to
"nil".
si: simSetDef().... preserveBangInNetlist is initialized to "nil".
si: simSetDef().... auCdlFnlPrintTopCellPort is initialized to "nil".
si: simSetDef().... auCdlEnableNetlistInclusion is initialized to "nil".
si: simSetDef().... auCdlPrintIncFileAtFooter is initialized to "nil".
si: simSetDef().... simInstViewListTable is initialized to "nil".
si: simSetDef().... simInstStopListTable is initialized to "nil".
si: simSetDef().... simSupportNewConfig is initialized to t .
si: simSetDef().... auCdlPrintNetsetForStoppingCell is initialized to "nil".
si: simSetDef().... simSimulatorUnbindFuncs is initialized to (auCdl
_hnlGetCellNetlistFileName) .
si: simSetDef().... simSimulatorUnbindVars is initialized to (cdlSimViewList
cdlSimStopList cdlNetlistType simAlwaysAddPrefixInInstName ansCdlHdbFilePathProp
auCdlInstPrintOrder auCdlInstModelPropName auCdlPrintNetsetForStoppingCell
auCdlDefNetlistProc) .
si: simSetDef().... preserveRES is already set to t. Redefinition to nil is
ignored.
si: simSetDef().... preserveCAP is already set to t. Redefinition to nil is
ignored.
si: simSetDef().... preserveDIO is already set to t. Redefinition to nil is
ignored.
si: simSetDef().... preserveALL is already set to t. Redefinition to nil is
ignored.
si: simSetDef().... checkRESVAL is already set to t. Redefinition to nil is
ignored.
si: simSetDef().... checkRESSIZE is initialized to "nil".
si: simSetDef().... checkCAPVAL is already set to t. Redefinition to nil is
ignored.
si: simSetDef().... checkCAPAREA is initialized to "nil".
si: simSetDef().... checkDIOPERI is already set to t. Redefinition to nil is
ignored.
si: simSetDef().... checkDIOAREA is already set to t. Redefinition to nil is
ignored.
si: simSetDef().... displayPININFO is already set to t. Redefinition to nil is
ignored.
si: simSetDef().... resistorModel is already set to "". Redefinition to nil is
ignored.
si: simSetDef().... simPinGlobals is initialized to "nil".
si: simSetDef().... auCdlPrintEmptySUBCKT is initialized to "nil".
si: simSetDef().... auCdlSkipMEGA is initialized to "nil".
si: simSetDef().... auCdlDisableBlkBox is initialized to "nil".
si: simSetDef().... auCdlSetTopLevelEvalMode is initialized to "nil".
si: simSetDef().... auCdlModuleNameMapFunc is initialized to "nil".
si: simSetDef().... simNetNamePrefix is initialized to "nil".
si: simSetDef().... hnlMaxLineLength is initialized to "nil".
si: simSetDef().... hnlMaxLineLength is initialized to "nil".
si: simSetDef().... auCdlPrintXNamePrefix is initialized to "nil".
si: simSetDef().... simPrintInhConnAttributes is initialized to "nil".
si: simSetDef().... auCdlDisplayPinMap is initialized to "nil".
si: simSetDef().... cdlPrintComments is initialized to "nil".
si: simSetDef().... auCdlCDFPinCntrl is initialized to "nil".
si: simSetDef().... auCdlPrintGlobalStmtInFooter is initialized to "nil".
si: simSetDef().... auCdlPrintModelEquals is initialized to "nil".
si: simSetDef().... auCdlModelPrintingStyle is initialized to "nil".
si: simSetDef().... auCdlTermOrderStr is initialized to "nil".
si: simSetDef().... auCdlCheckLDD is initialized to "nil".
si: simSetDef().... checkLDD is initialized to "nil".
si: simSetDef().... pinMAP is initialized to "nil".
si: simSetDef().... auCdlReplaceAngleBracketsWithSquare is initialized to
"nil".
si: simSetDef().... preserveBangInNetlist is initialized to "nil".
si: simSetDef().... auCdlFnlPrintTopCellPort is initialized to "nil".
si: simSetDef().... auCdlEnableNetlistInclusion is initialized to "nil".
si: simSetDef().... auCdlPrintIncFileAtFooter is initialized to "nil".
si: simSetDef().... simInstViewListTable is initialized to "nil".
si: simSetDef().... simInstStopListTable is initialized to "nil".
si: simSetDef().... auCdlPrintNetsetForStoppingCell is initialized to "nil".
