*Info*    Exporting services from client ... 

*Info*    Client has finished starting ... 



*Info*    Configuring the session ...

	Library      = barbaLib
	Cell         = sigmoid
	View         = schematic
	Simulator    = spectre
	State Path   = $AXL_SETUPDB_DIR/test_states
	State Name   = barbaLib:sigmoid:1_state1_Interactive.7
	Results DB   = /home/vbarbaza/thesis/barbaLib/sigmoid/adexl/results/data/Interactive.7.rdb
	Results Dir  = /home/vbarbaza/simulation/barbaLib/sigmoid/adexl/results/data/Interactive.7/1/barbaLib:sigmoid:1
	Results Loc  = /home/vbarbaza/simulation/barbaLib/sigmoid/adexl/results/data
	Project Dir  = /home/vbarbaza/simulation
	Setup DB loc = /home/vbarbaza/thesis/barbaLib/sigmoid/adexl
	File Encoding = 0



*Info*    The auto suspension is disabled.






*Info*    Run start for Point ID (7 1) on testbench [
          barbaLib:sigmoid:1 ].

Resetting statistical vars

*Info*    Setting parameter values ...

Setting var V1 = "0.4"
Setting var V2 = "0.2"
Setting var V3 = "0"
Setting var Vin = "1.2"
Setting temp(T) = 27
Setting var vdd = "1.2"

*Info*    Netlist Directory =
          /home/vbarbaza/simulation/barbaLib/sigmoid/adexl/results/data/Interactive.7/1/barbaLib:sigmoid:1/netlist


*Info*    Data Directory    =
          /home/vbarbaza/simulation/barbaLib/sigmoid/adexl/results/data/Interactive.7/1/barbaLib:sigmoid:1


*Info*    Creating Netlist for Point ID (7 1)

generate netlist...
Begin Incremental Netlisting Mar 21 16:33:52 2023
End netlisting Mar 21 16:33:52 2023

	The netlist is up to date.
	Time taken to compare the design with netlist:   0.0s
      ...successful.
compose simulator input file...
      ...successful.

*Info*    Running simulation on testbench [ barbaLib:sigmoid:1 ] for
          Point ID (7 1).

Delete psf data in /home/vbarbaza/simulation/barbaLib/sigmoid/adexl/results/data/Interactive.7/1/barbaLib:sigmoid:1/psf.
compose simulator input file...
      ...successful.
start simulator if needed...
      ...successful.
simulate...
To view the simulator output, right-click on the test name, result 
name, or any value in the "Results" tab of the Outputs section and 
choose "Output Log" menu option.
INFO (ADE-3071): Simulation completed successfully.
reading simulation data...
      ...successful.
*Info*    Client has finished evaluating ... 


*Info*    Run complete for Point ID (7 1) on testbench [
          barbaLib:sigmoid:1 ].





Simulation design variables differ from those on the cellView,
they have been saved in the file "/tmp/saved-design-variables".
To save future changes, copy variables to cellView before exiting.
