*Info*    Exporting services from client ... 

*Info*    Client has finished starting ... 



*Info*    Configuring the session ...

	Library      = barbaLib
	Cell         = lstm
	View         = schematic
	Simulator    = spectre
	State Path   = $AXL_SETUPDB_DIR/test_states
	State Name   = barbaLib:lstm:1_none_Interactive.1
	Results DB   = /home/vbarbaza/thesis/barbaLib/lstm/adexl/results/data/Interactive.1.rdb
	Results Dir  = /home/vbarbaza/simulation/barbaLib/lstm/adexl/results/data/Interactive.1/1/barbaLib:lstm:1
	Results Loc  = /home/vbarbaza/simulation/barbaLib/lstm/adexl/results/data
	Project Dir  = /home/vbarbaza/simulation
	Setup DB loc = /home/vbarbaza/thesis/barbaLib/lstm/adexl
	File Encoding = 0



*Info*    The auto suspension is disabled.






*Info*    Run start for Point ID (0 1) on testbench [ barbaLib:lstm:1
          ].

Resetting statistical vars

*Info*    Setting parameter values ...

Setting var R = "505k"
Setting var R1 = "50k"
Setting var R2 = "500k"
Setting var R3 = "50k"
Setting var R4 = "500k"
Setting var Rf = "505k"
Setting var T = "40e-6"
Setting var in0step0 = "1.5"
Setting var in0step1 = "2.3m"
Setting temp(T) = 27
Setting var vdd = "1.8"

*Info*    Netlist Directory =
          /home/vbarbaza/simulation/barbaLib/lstm/adexl/results/data/Interactive.1/1/barbaLib:lstm:1/netlist


*Info*    Data Directory    =
          /home/vbarbaza/simulation/barbaLib/lstm/adexl/results/data/Interactive.1/1/barbaLib:lstm:1


*Info*    Creating Netlist for Point ID (0 1)

generate netlist...
Begin Incremental Netlisting Jun  2 11:35:04 2023
End netlisting Jun  2 11:35:04 2023

Netlisting Statistics:
	Number of components:  345

	Elapsed time:          0.0s
Errors: 0	Warnings: 0
      ...successful.
compose simulator input file...
      ...successful.

*Info*    Running simulation on testbench [ barbaLib:lstm:1 ] for
          Point ID (0 1).

Delete psf data in /home/vbarbaza/simulation/barbaLib/lstm/adexl/results/data/Interactive.1/1/barbaLib:lstm:1/psf.
compose simulator input file...
      ...successful.
start simulator if needed...
      ...successful.
simulate...
To view the simulator output, right-click on the test name, result 
name, or any value in the "Results" tab of the Outputs section and 
choose "Output Log" menu option.
INFO (ADE-3067): Errors encountered during simulation. For more information, right-click
        on a test name in the 'Results' tab of the Outputs pane and choose 'Output Log'
        to view the simulation run log.
reading simulation data...
      ...successful.

*Error*   Error ID  = 5011
*Error*   Error Msg = Simulator failed to complete the simulation.

          Error found by spectre during IC analysis, during transient
          analysis `tran'.
Error found by spectre during IC analysis,
          during transient analysis `tran'.
ERROR (SPECTRE-16385):
          There were 6 attempts to find the DC solution. In some of
          those attempts, a signal exceeded the blowup limit of its
          quantity. T
he last signal that failed is
          I(Xbuffer15.I0:out_flow) = -2.20677 GA, for which the
          quantity is `I' and the blowup limit is (1 GA). It is
          possible tha
t the circuit has no DC solution. If you
          really want signals this large, set the `blowup' parameter
          of this quantity to a larger value.
ERROR (SPECTRE-16080):
          Cannot print DC solution because DC did not converge.
          Resolve the convergence issue and rerun the
          simulation.
Error found by spectre during DC analysis,
          during info `finalTimeOP'.
Error found by spectre during DC
          analysis, during info `finalTimeOP'.
ERROR (SPECTRE-16041):
          The `finalTimeOP' analysis is skipped due to inability to
          compute operating point. Run 'mmsimpack' (see mmsimpack -h
          for detail
ed usage information) to package the netlist and
          log files as a compressed tar file. Then, contact your
          Cadence representative or submit a service req
uest via
          Cadence Online Support, including the tar file and any
          other information that could help identify the problem.





*Info*    Client has finished evaluating ... 


*Info*    Run complete for Point ID (0 1) on testbench [
          barbaLib:lstm:1 ].





Simulation design variables differ from those on the cellView,
they have been saved in the file "/tmp/saved-design-variables2".
To save future changes, copy variables to cellView before exiting.
