*Info*    Exporting services from client ... 

*Info*    Client has finished starting ... 



*Info*    Configuring the session ...

	Library      = barbaLib
	Cell         = tanh_testbench
	View         = schematic
	Simulator    = spectre
	State Path   = $AXL_SETUPDB_DIR/test_states
	State Name   = barbaLib:tanh_testbench:1_none_Interactive.0
	Results DB   = /home/vbarbaza/thesis/barbaLib/tanh_testbench/adexl/results/data/Interactive.0.rdb
	Results Dir  = /home/vbarbaza/simulation/barbaLib/tanh_testbench/adexl/results/data/Interactive.0/1/barbaLib:tanh_testbench:1
	Results Loc  = /home/vbarbaza/simulation/barbaLib/tanh_testbench/adexl/results/data
	Project Dir  = /home/vbarbaza/simulation
	Setup DB loc = /home/vbarbaza/thesis/barbaLib/tanh_testbench/adexl
	File Encoding = 0


WARNING (ADE-7017): The Spectre run mode needs to be 'batch' when EM/IR analysis is enabled. Automatically setting the run mode to 'batch'.

*Info*    The auto suspension is disabled.

Loading monte.cxt 





*Info*    Run start for Point ID (0 1) on testbench [
          barbaLib:tanh_testbench:1 ].

Resetting statistical vars

*Info*    Setting parameter values ...

Setting var R = "5k"
Setting var V1 = "1.1"
Setting var V2 = "0.635"
Setting var V3 = "300m"
Setting var Vin = "0.9"
Setting var l = "60n"
Setting var lambda = "0.2"
Setting temp(T) = 27
Setting var vdd = "1.8"
Setting var w = "900n"

*Info*    Netlist Directory =
          /home/vbarbaza/simulation/barbaLib/tanh_testbench/adexl/results/data/Interactive.0/1/barbaLib:tanh_testbench:1/netlist


*Info*    Data Directory    =
          /home/vbarbaza/simulation/barbaLib/tanh_testbench/adexl/results/data/Interactive.0/1/barbaLib:tanh_testbench:1


*Info*    Creating Netlist for Point ID (0 1)

generate netlist...
Loading seCore.cxt 
Begin Incremental Netlisting Sep 22 12:12:45 2023
End netlisting Sep 22 12:12:45 2023

	The netlist is up to date.
	Time taken to compare the design with netlist:   0.0s
      ...successful.
compose simulator input file...
      ...successful.

*Info*    Running simulation on testbench [ barbaLib:tanh_testbench:1
          ] for Point ID (0 1).

Delete psf data in /home/vbarbaza/simulation/barbaLib/tanh_testbench/adexl/results/data/Interactive.0/1/barbaLib:tanh_testbench:1/psf.
compose simulator input file...
      ...successful.
start simulator if needed...
      ...successful.
simulate...
To view the simulator output, right-click on the test name, result 
name, or any value in the "Results" tab of the Outputs section and 
choose "Output Log" menu option.
Loading paraplot.cxt 
INFO (ADE-3071): Simulation completed successfully.
reading simulation data...
      ...successful.
*Info*    Client has finished evaluating ... 


*Info*    Run complete for Point ID (0 1) on testbench [
          barbaLib:tanh_testbench:1 ].





Simulation design variables differ from those on the cellView,
they have been saved in the file "/tmp/saved-design-variables1".
To save future changes, copy variables to cellView before exiting.
