\# Program start time:     UTC 2023.09.22 13:51:02.899
\# Local time: WEST (UTC+01:00) 2023.09.22 14:51:02.899
\o Program:		@(#)$CDS: virtuoso version 6.1.8-64b 09/22/2020 19:17 (cpgsrv11) $
\o Hierarchy:		/opt/cadence/ic618/tools.lnx86/dfII/
\o Sub version:		sub-version  IC6.1.8-64b.500.14  (64-bit addresses)
\# Command line:	/opt/cadence/ic618/tools.lnx86/dfII/bin/64bit/virtuoso -noautostart -mpssession virtuoso356725 -mpshost figaro.inesc-id.pt -davinciService DaVinciService_356725_1695381074 -log /home/vbarbaza/thesis/logs_vbarbaza/logs0/Job4.log -licenseLockFileName /home/vbarbaza/thesis/.tmp_vbarbaza/.figaro.inesc-id.pt_356725 -interactiveA -interactiveE -interactiveRTT -nostdin -nograph -axlChildIdFlag 4
\# Host name (type):	figaro.inesc-id.pt (x86_64)
\# Operating system:	Linux 5.4.17-2136.323.8.1.el8uek.x86_64 #2 SMP Thu Sep 14 22:33:45 PDT 2023
\# Linux /etc/issue:	\S
\# Linux /etc/issue:	Kernel \r on an \m
\# X display name (WxH):	:95 (1024x868)
\# Available geometry:			TL(0:0) BR(1023:867)
\# X server:			RealVNC Ltd (VNC nograph server, PID 363099)
\# Depth of Visual (Root):	16 (16)
\# Number of Planes Used:	16
\# X version:		11.0 (vendor release 3370)
\# X resource pool:	base 0x800000, mask 0x3fffff (4194303), shift 0
\# 			current id 0x0, current max 0x3ffffa (4194298)
\# Max data seg size:	     unlimited
\# Max process size:	     unlimited
\# Initial sbrk value:	        554 MB
\# Available memory:	     32,960 MB
\# System memory:	     48,315 MB
\# Maximum memory size:	     48,025 MB
\# Max mem available:	     33,225 MB
\# Initial memory used:	        265 MB
\#        process size:	      1,470 MB
\# Thread usage limits (effective/default):	maxthreads 94546/94546 maxload 8.00/8.00
\# Qt version:		5.9.1
\# Window Manager:	other
\# User Name:		vbarbaza
\o Working Directory:	figaro.inesc-id.pt:/home/vbarbaza/thesis
\# Process Id:		437032
\o 
\o COPYRIGHT (C) 1992-2020  CADENCE DESIGN SYSTEMS INC.  ALL RIGHTS RESERVED.
\o           (C) 1992-2020  UNIX SYSTEMS Laboratories INC.,
\o                          Reproduced with permission.
\o 
\o This Cadence Design Systems program and online documentation are
\o proprietary/confidential information and may be disclosed/used only
\o as authorized in a license agreement controlling such use and disclosure.
\o 
\o           RESTRICTED RIGHTS NOTICE (SHORT FORM)
\o Use/reproduction/disclosure is subject to restriction
\o set forth at FAR 1252.227-19 or its equivalent.
\# Memory report: using         370 MB, process size 1,530 MB at UTC 2023.09.22 13:51:37.342
\o Loading geView.cxt 
\o Loading menuBuilder.cxt 
\o Loading schView.cxt 
\o Loading selectSv.cxt 
\o Loading pvsui.cxt
\o Loading wireEdit.cxt 
\o Loading pte2.cxt 
\o Loading xlUI.cxt 
\o Loading auCore.cxt 
\o Loading vhdl.cxt 
\o Loading seismic.cxt 
\o Loading ci.cxt 
\o Loading ams.cxt 
\o Loading oasis.cxt 
\o Loading analog.cxt 
\o Loading asimenv.cxt 
\o Loading dal.cxt 
\o Loading awv.cxt 
\o Loading socket.cxt 
\o Loading par.cxt 
\o Loading alvs.cxt 
\o Loading caa.cxt 
\o Loading amps.cxt 
\o Loading adexlCore.cxt 
\o Loading adexl.cxt 
\o *Info*    Exporting services from client ... 
\o 
\o Loading adexlDM.cxt 
\o Loading cpf.cxt 
\o Loading cli.cxt 
\o Loading lp.cxt 
\o INFO (ELI-00302) Connecting to parent process (session=virtuoso356725, host=figaro.inesc-id.pt). Connection mode is ICRP. Total timeout is 180 seconds. Connection timeout is 90 seconds.
\o INFO (ELI-00303) Step 1: Connecting to parent. Time spent is 0 seconds.
\o INFO (ELI-00304) The registration of the child 437032 within 90 seconds is being processed...
\o INFO (ELI-00305) The result of registration is true. Time spent is 2 seconds.
\o INFO (ELI-00308) The connection has ended. Result is true. Total time spent is 34 seconds.
\# Memory report: using         515 MB, process size 1,731 MB at UTC 2023.09.22 13:51:39.267
\o //
\o //  Calibre Skill Interface * (v2020.4_15.9) *
\o //
\o //                         Copyright Siemens 1996-2020     
\o //                             All Rights Reserved.
\o //         THIS WORK CONTAINS TRADE SECRET AND PROPRIETARY INFORMATION
\o //            WHICH IS THE PROPERTY OF MENTOR GRAPHICS CORPORATION
\o //              OR ITS LICENSORS AND IS SUBJECT TO LICENSE TERMS.
\o //
\o //
\o *Info*    Client has finished starting ... 
\o 
\o Loading vdsil.cxt 
\p > 
\w *WARNING* could not load font "-*-courier-medium-r-*-*-12-*", using font "fixed"
\a _treeSetOpcGUI(t)
\r t
\# Available memory:         32,816 MB at UTC 2023.09.22 13:51:46.762
\# Memory report: Maximum memory size now 33,343 MB at UTC 2023.09.22 13:51:46.762
\# Thread usage report: 9 active threads, active load 1.00 at UTC 2023.09.22 13:51:46.762
\o Job 4 timed out after no activity in 300 seconds.
\o Loading simui.cxt 
\o 
\o *Info*    Received signal SIGTERM.
\o 
\o 
\# Memory report: on exit            533 MB, process size 1,821 MB at UTC 2023.09.22 13:56:39.773
\# Memory report: peak usage         533 MB, process size 1,821 MB
