xmvlog(64): 20.09-s001: (c) Copyright 1995-2020 Cadence Design Systems, Inc.
TOOL:	xmvlog(64)	20.09-s001: Started on Mar 20, 2023 at 16:05:09 WET
xmvlog
    -use5x
    -SPECIFICUNIT opAmp
    -zparse /tmp/vamsZparj42122
    -NOWARN DLNOHV
    -work barbaLib
    -view verilogams
    -nostdout
    -logfile /home/vbarbaza/thesis/.cadence/dfII/TextSupport/Logs/Parser/verilogams/barbaLib/verilogams/compile0.log
    -messages
    -ams
    -cdslib /home/vbarbaza/thesis/cds.lib
    /home/vbarbaza/thesis/barbaLib/opAmp/verilogams/verilog.vams

file: /home/vbarbaza/thesis/barbaLib/opAmp/verilogams/verilog.vams
	module barbaLib.opAmp:verilogams
		errors: 0, warnings: 0
	 writing out DPL output:
TOOL:	xmvlog(64)	20.09-s001: Exiting on Mar 20, 2023 at 16:05:10 WET  (total: 00:00:01)
